<?xml version="1.0" encoding="UTF-8"?><testsuite failures="0" name="cucumber.runtime.formatter.JUnitFormatter" skipped="0" tests="3" time="30.406042">
<testcase classname="Scenario Outline Example" name="Stores a raw data of name place animal" time="12.618514">
<system-out><![CDATA[Given My name is "Rahul"....................................................passed
And My place is "Noida".....................................................passed
And I have a "Lion".........................................................passed
]]></system-out>
</testcase>
<testcase classname="Scenario Outline Example" name="Stores a raw data of name place animal 2" time="9.272951">
<system-out><![CDATA[Given My name is "Deepak"...................................................passed
And My place is "Gurgaon"...................................................passed
And I have a "Cow"..........................................................passed
]]></system-out>
</testcase>
<testcase classname="Scenario Outline Example" name="Stores a raw data of name place animal 3" time="8.514577">
<system-out><![CDATA[Given My name is "Amit".....................................................passed
And My place is "Delhi".....................................................passed
And I have a "Dog"..........................................................passed
]]></system-out>
</testcase>
</testsuite>
